<?xml version="1.0" encoding="UTF-8"?>
<!-- Generated by org.testng.reporters.JUnitReportReporter -->
<testsuite hostname="abi-PC" name="testcases.TC002_LoginNegative" tests="4" failures="0" timestamp="9 Dec 2017 13:33:07 GMT" time="37.428" errors="0">
  <testcase name="loginFail" time="9.267" classname="testcases.TC002_LoginNegative"/>
  <testcase name="loginFail" time="9.894" classname="testcases.TC002_LoginNegative"/>
  <testcase name="loginFail" time="9.214" classname="testcases.TC002_LoginNegative"/>
  <testcase name="loginFail" time="9.053" classname="testcases.TC002_LoginNegative"/>
</testsuite> <!-- testcases.TC002_LoginNegative -->
