<?xml version="1.0" encoding="UTF-8"?>
<!-- Generated by org.testng.reporters.JUnitReportReporter -->
<testsuite hostname="abi-PC" name="testcases.TC006_DuplicateLead" tests="1" failures="0" timestamp="15 Dec 2017 16:53:11 GMT" time="29.206" errors="0">
  <testcase name="duplicateLead" time="29.206" classname="testcases.TC006_DuplicateLead"/>
</testsuite> <!-- testcases.TC006_DuplicateLead -->
