<?xml version="1.0" encoding="UTF-8"?>
<!-- Generated by org.testng.reporters.JUnitReportReporter -->
<testsuite hostname="abi-PC" name="testcases.TC005_DeleteLead" tests="1" failures="0" timestamp="15 Dec 2017 07:35:53 GMT" time="26.564" errors="0">
  <testcase name="deleteLead" time="26.564" classname="testcases.TC005_DeleteLead"/>
</testsuite> <!-- testcases.TC005_DeleteLead -->
