<?xml version="1.0" encoding="UTF-8"?>
<!-- Generated by org.testng.reporters.JUnitReportReporter -->
<testsuite hostname="abi-PC" name="testcases.TC004_EditLead" tests="1" failures="0" timestamp="11 Dec 2017 14:10:12 GMT" time="27.657" errors="0">
  <testcase name="logIn" time="27.657" classname="testcases.TC004_EditLead"/>
</testsuite> <!-- testcases.TC004_EditLead -->
