<?xml version="1.0" encoding="UTF-8"?>
<!-- Generated by org.testng.reporters.JUnitReportReporter -->
<testsuite hostname="abi-PC" name="testcases.TC001_LoginLogOut" tests="2" failures="0" timestamp="9 Dec 2017 13:33:07 GMT" time="27.407" errors="0">
  <testcase name="logInLogOut" time="16.679" classname="testcases.TC001_LoginLogOut"/>
  <testcase name="logInLogOut" time="10.728" classname="testcases.TC001_LoginLogOut"/>
</testsuite> <!-- testcases.TC001_LoginLogOut -->
